<inproceedings mdate="2021-08-06" key="conf/isca/VenkataramaniSW21">

line : <author>Swagath Venkataramani</author>

line : <author>Vijayalakshmi Srinivasan</author>

line : <author>Wei Wang</author>

line : <author>Sanchari Sen</author>

line : <author>Jintao Zhang</author>

line : <author>Ankur Agrawal</author>

line : <author>Monodeep Kar</author>

line : <author>Shubham Jain</author>

line : <author>Alberto Mannari</author>

line : <author>Hoang Tran</author>

line : <author>Yulong Li</author>

line : <author>Eri Ogawa</author>

line : <author>Kazuaki Ishizaki</author>

line : <author>Hiroshi Inoue</author>

line : <author>Marcel Schaal</author>

line : <author>Mauricio J. Serrano</author>

line : <author>Jungwook Choi</author>

line : <author>Xiao Sun</author>

line : <author>Naigang Wang</author>

line : <author>Chia-Yu Chen</author>

line : <author>Allison Allain</author>

line : <author>James Bonanno</author>

line : <author>Nianzheng Cao</author>

line : <author>Robert Casatuta</author>

line : <author>Matthew Cohen</author>

line : <author>Bruce M. Fleischer</author>

line : <author>Michael Guillorn</author>

line : <author>Howard Haynie</author>

line : <author>Jinwook Jung</author>

line : <author>Mingu Kang</author>

line : <author>Kyu-Hyoun Kim</author>

line : <author>Siyu Koswatta</author>

line : <author>Sae Kyu Lee</author>

line : <author>Martin Lutz</author>

line : <author>Silvia Mueller</author>

line : <author>Jinwook Oh</author>

line : <author>Ashish Ranjan</author>

line : <author>Zhibin Ren</author>

line : <author>Scot Rider</author>

line : <author>Kerstin Schelm</author>

line : <author>Michael Scheuermann</author>

line : <author>Joel Silberman</author>

line : <author>Jie Yang</author>

line : <author>Vidhi Zalani</author>

Erreur de segmentation (core dumped)

